<?xml version="1.0" encoding="UTF-8"?>
<testng-results skipped="0" failed="0" total="1" passed="1">
  <reporter-output>
  </reporter-output>
  <suite name="Suite" duration-ms="13937" started-at="2019-03-18T02:36:38Z" finished-at="2019-03-18T02:36:52Z">
    <groups>
    </groups>
    <test name="Test" duration-ms="13937" started-at="2019-03-18T02:36:38Z" finished-at="2019-03-18T02:36:52Z">
      <class name="javabat.openbaidu">
        <test-method status="PASS" signature="open()[pri:0, instance:javabat.openbaidu@17ed40e0]" name="open" duration-ms="13926" started-at="2019-03-18T10:36:38Z" finished-at="2019-03-18T10:36:52Z">
          <reporter-output>
          </reporter-output>
        </test-method> <!-- open -->
      </class> <!-- javabat.openbaidu -->
    </test> <!-- Test -->
  </suite> <!-- Suite -->
</testng-results>
